<?xml version="1.0" encoding="UTF-8"?>
<!-- Generated by org.testng.reporters.JUnitXMLReporter -->
<testsuite ignored="0" hostname="DESKTOP-K4PK96U" failures="2" tests="2" name="Delete Customer API Test" time="0.577" errors="0" timestamp="2023-02-24T11:17:16 IST">
  <testcase classname="com.home.APITestingFramework.testcases.DeleteCustomerTest" name="deleteCustomerWithValidCustomerId" time="0.443">
    <failure type="java.lang.AssertionError" message="id key is not present in response expected [true] but found [false]">
      <![CDATA[java.lang.AssertionError: id key is not present in response expected [true] but found [false]
at com.home.APITestingFramework.testcases.DeleteCustomerTest.deleteCustomerWithValidCustomerId(DeleteCustomerTest.java:44)
at java.base/java.util.concurrent.FutureTask.run(FutureTask.java:264)
at java.base/java.util.concurrent.Executors$RunnableAdapter.call(Executors.java:515)
at java.base/java.util.concurrent.FutureTask.run(FutureTask.java:264)
at java.base/java.util.concurrent.ThreadPoolExecutor.runWorker(ThreadPoolExecutor.java:1130)
at java.base/java.util.concurrent.ThreadPoolExecutor$Worker.run(ThreadPoolExecutor.java:630)
at java.base/java.lang.Thread.run(Thread.java:831)
... Removed 12 stack frames]]>
    </failure>
  </testcase> <!-- deleteCustomerWithValidCustomerId -->
  <testcase classname="com.home.APITestingFramework.testcases.DeleteCustomerTest" name="deleteCustomerWithValidCustomerId" time="0.555">
    <failure type="java.lang.AssertionError" message="id key is not present in response expected [true] but found [false]">
      <![CDATA[java.lang.AssertionError: id key is not present in response expected [true] but found [false]
at com.home.APITestingFramework.testcases.DeleteCustomerTest.deleteCustomerWithValidCustomerId(DeleteCustomerTest.java:44)
at java.base/java.util.concurrent.FutureTask.run(FutureTask.java:264)
at java.base/java.util.concurrent.Executors$RunnableAdapter.call(Executors.java:515)
at java.base/java.util.concurrent.FutureTask.run(FutureTask.java:264)
at java.base/java.util.concurrent.ThreadPoolExecutor.runWorker(ThreadPoolExecutor.java:1130)
at java.base/java.util.concurrent.ThreadPoolExecutor$Worker.run(ThreadPoolExecutor.java:630)
at java.base/java.lang.Thread.run(Thread.java:831)
... Removed 12 stack frames]]>
    </failure>
  </testcase> <!-- deleteCustomerWithValidCustomerId -->
</testsuite> <!-- Delete Customer API Test -->
