<?xml version="1.0" encoding="UTF-8"?>
<!-- Generated by org.testng.reporters.JUnitXMLReporter -->
<testsuite hostname="DESKTOP-K4PK96U" ignored="0" name="Create Customer API Test" tests="5" failures="0" timestamp="24 Feb 2023 07:00:57 GMT" time="13.159" errors="0">
  <testcase name="validateCreateCustomerAPIWithInValidSecretkey" time="9.433" classname="com.home.APITestingFramework.testcases.CreateCustomerTest"/>
  <testcase name="validateCreateCustomerAPIWithInValidSecretkey" time="9.432" classname="com.home.APITestingFramework.testcases.CreateCustomerTest"/>
  <testcase name="validateCreateCustomerAPIWithValidSecretkey" time="2.137" classname="com.home.APITestingFramework.testcases.CreateCustomerTest"/>
  <testcase name="validateCreateCustomerAPIWithValidSecretkey" time="2.134" classname="com.home.APITestingFramework.testcases.CreateCustomerTest"/>
  <testcase name="validateCreateCustomerAPIWithValidSecretkey" time="2.829" classname="com.home.APITestingFramework.testcases.CreateCustomerTest"/>
</testsuite> <!-- Create Customer API Test -->
