<?xml version="1.0" encoding="UTF-8"?>
<!-- Generated by org.testng.reporters.JUnitXMLReporter -->
<testsuite hostname="DESKTOP-K4PK96U" ignored="0" name="Delete Customer API Test" tests="3" failures="0" timestamp="24 Feb 2023 07:01:00 GMT" time="1.815" errors="0">
  <testcase name="deleteCustomerWithValidCustomerId" time="1.504" classname="com.home.APITestingFramework.testcases.DeleteCustomerTest"/>
  <testcase name="deleteCustomerWithValidCustomerId" time="1.521" classname="com.home.APITestingFramework.testcases.DeleteCustomerTest"/>
  <testcase name="deleteCustomerWithValidCustomerId" time="1.762" classname="com.home.APITestingFramework.testcases.DeleteCustomerTest"/>
</testsuite> <!-- Delete Customer API Test -->
