<?xml version="1.0" encoding="UTF-8"?>
<testng-results skipped="0" failed="0" ignored="0" total="8" passed="8">
  <reporter-output>
  </reporter-output>
  <suite name="Suite" duration-ms="16161" started-at="2023-02-24T07:00:44Z" finished-at="2023-02-24T07:01:00Z">
    <groups>
    </groups>
    <test name="Create Customer API Test" duration-ms="13159" started-at="2023-02-24T07:00:44Z" finished-at="2023-02-24T07:00:57Z">
      <class name="com.home.APITestingFramework.testcases.CreateCustomerTest">
        <test-method status="PASS" signature="validateCreateCustomerAPIWithInValidSecretkey(java.util.Hashtable)[pri:0, instance:com.home.APITestingFramework.testcases.CreateCustomerTest@45ac5f9b]" name="validateCreateCustomerAPIWithInValidSecretkey" duration-ms="9432" started-at="2023-02-24T07:00:45Z" data-provider="data" finished-at="2023-02-24T07:00:54Z">
          <params>
            <param index="0">
              <value>
                <![CDATA[{email=smitacustone@gmail.com, name=Smita Patil, description=This is a test customer one for API Testing Framework}]]>
              </value>
            </param>
          </params>
          <reporter-output>
          </reporter-output>
        </test-method> <!-- validateCreateCustomerAPIWithInValidSecretkey -->
        <test-method status="PASS" signature="validateCreateCustomerAPIWithInValidSecretkey(java.util.Hashtable)[pri:0, instance:com.home.APITestingFramework.testcases.CreateCustomerTest@45ac5f9b]" name="validateCreateCustomerAPIWithInValidSecretkey" duration-ms="9433" started-at="2023-02-24T07:00:45Z" data-provider="data" finished-at="2023-02-24T07:00:54Z">
          <params>
            <param index="0">
              <value>
                <![CDATA[{email=anilcusttwo@gmail.com, name=Anil Patil, description=This is a test customer two for API Testing Framework}]]>
              </value>
            </param>
          </params>
          <reporter-output>
          </reporter-output>
        </test-method> <!-- validateCreateCustomerAPIWithInValidSecretkey -->
        <test-method status="PASS" signature="validateCreateCustomerAPIWithValidSecretkey(java.util.Hashtable)[pri:0, instance:com.home.APITestingFramework.testcases.CreateCustomerTest@45ac5f9b]" name="validateCreateCustomerAPIWithValidSecretkey" duration-ms="2829" started-at="2023-02-24T07:00:55Z" data-provider="data" finished-at="2023-02-24T07:00:57Z">
          <params>
            <param index="0">
              <value>
                <![CDATA[{email=smitacustone@gmail.com, name=Smita Patil, description=This is a test customer one for API Testing Framework}]]>
              </value>
            </param>
          </params>
          <reporter-output>
          </reporter-output>
        </test-method> <!-- validateCreateCustomerAPIWithValidSecretkey -->
        <test-method status="PASS" signature="validateCreateCustomerAPIWithValidSecretkey(java.util.Hashtable)[pri:0, instance:com.home.APITestingFramework.testcases.CreateCustomerTest@45ac5f9b]" name="validateCreateCustomerAPIWithValidSecretkey" duration-ms="2137" started-at="2023-02-24T07:00:55Z" data-provider="data" finished-at="2023-02-24T07:00:57Z">
          <params>
            <param index="0">
              <value>
                <![CDATA[{email=anilcusttwo@gmail.com, name=Anil Patil, description=This is a test customer two for API Testing Framework}]]>
              </value>
            </param>
          </params>
          <reporter-output>
          </reporter-output>
        </test-method> <!-- validateCreateCustomerAPIWithValidSecretkey -->
        <test-method status="PASS" signature="validateCreateCustomerAPIWithValidSecretkey(java.util.Hashtable)[pri:0, instance:com.home.APITestingFramework.testcases.CreateCustomerTest@45ac5f9b]" name="validateCreateCustomerAPIWithValidSecretkey" duration-ms="2134" started-at="2023-02-24T07:00:55Z" data-provider="data" finished-at="2023-02-24T07:00:57Z">
          <params>
            <param index="0">
              <value>
                <![CDATA[{email=aradhya@gmail.com, name=Aradhya Patil, description=Third customer for API testing framework}]]>
              </value>
            </param>
          </params>
          <reporter-output>
          </reporter-output>
        </test-method> <!-- validateCreateCustomerAPIWithValidSecretkey -->
      </class> <!-- com.home.APITestingFramework.testcases.CreateCustomerTest -->
    </test> <!-- Create Customer API Test -->
    <test name="Delete Customer API Test" duration-ms="1815" started-at="2023-02-24T07:00:59Z" finished-at="2023-02-24T07:01:00Z">
      <class name="com.home.APITestingFramework.testcases.DeleteCustomerTest">
        <test-method status="PASS" signature="setUp()[pri:0, instance:com.home.APITestingFramework.testcases.DeleteCustomerTest@490caf5f]" name="setUp" is-config="true" duration-ms="4729" started-at="2023-02-24T07:00:39Z" finished-at="2023-02-24T07:00:44Z">
          <reporter-output>
          </reporter-output>
        </test-method> <!-- setUp -->
        <test-method status="PASS" signature="deleteCustomerWithValidCustomerId(java.util.Hashtable)[pri:0, instance:com.home.APITestingFramework.testcases.DeleteCustomerTest@490caf5f]" name="deleteCustomerWithValidCustomerId" duration-ms="1762" started-at="2023-02-24T07:00:59Z" data-provider="data" finished-at="2023-02-24T07:01:00Z">
          <params>
            <param index="0">
              <value>
                <![CDATA[{id=cus_NPkf6UHBcfqRUD}]]>
              </value>
            </param>
          </params>
          <reporter-output>
          </reporter-output>
        </test-method> <!-- deleteCustomerWithValidCustomerId -->
        <test-method status="PASS" signature="deleteCustomerWithValidCustomerId(java.util.Hashtable)[pri:0, instance:com.home.APITestingFramework.testcases.DeleteCustomerTest@490caf5f]" name="deleteCustomerWithValidCustomerId" duration-ms="1521" started-at="2023-02-24T07:00:59Z" data-provider="data" finished-at="2023-02-24T07:01:00Z">
          <params>
            <param index="0">
              <value>
                <![CDATA[{id=cus_NPkfIRWhfLpgay}]]>
              </value>
            </param>
          </params>
          <reporter-output>
          </reporter-output>
        </test-method> <!-- deleteCustomerWithValidCustomerId -->
        <test-method status="PASS" signature="deleteCustomerWithValidCustomerId(java.util.Hashtable)[pri:0, instance:com.home.APITestingFramework.testcases.DeleteCustomerTest@490caf5f]" name="deleteCustomerWithValidCustomerId" duration-ms="1504" started-at="2023-02-24T07:00:59Z" data-provider="data" finished-at="2023-02-24T07:01:00Z">
          <params>
            <param index="0">
              <value>
                <![CDATA[{id=cus_NPkfbcG6BZ5YLm}]]>
              </value>
            </param>
          </params>
          <reporter-output>
          </reporter-output>
        </test-method> <!-- deleteCustomerWithValidCustomerId -->
        <test-method status="PASS" signature="tearDown()[pri:0, instance:com.home.APITestingFramework.testcases.DeleteCustomerTest@490caf5f]" name="tearDown" is-config="true" duration-ms="1" started-at="2023-02-24T07:01:01Z" finished-at="2023-02-24T07:01:01Z">
          <reporter-output>
          </reporter-output>
        </test-method> <!-- tearDown -->
      </class> <!-- com.home.APITestingFramework.testcases.DeleteCustomerTest -->
    </test> <!-- Delete Customer API Test -->
  </suite> <!-- Suite -->
</testng-results>
