<?xml version="1.0" encoding="UTF-8"?>
<testsuite xmlns:xsi="http://www.w3.org/2001/XMLSchema-instance" xsi:noNamespaceSchemaLocation="https://maven.apache.org/surefire/maven-surefire-plugin/xsd/surefire-test-report.xsd" name="TestSuite" time="32.563" tests="8" errors="0" skipped="0" failures="0">
  <properties>
[...]
</properties>
  <testcase name="validateCreateCustomerAPIWithInValidSecretkey" classname="com.home.APITestingFramework.testcases.CreateCustomerTest" time="9.49"/>
  <testcase name="validateCreateCustomerAPIWithInValidSecretkey" classname="com.home.APITestingFramework.testcases.CreateCustomerTest" time="9.508"/>
  <testcase name="validateCreateCustomerAPIWithValidSecretkey" classname="com.home.APITestingFramework.testcases.CreateCustomerTest" time="2.108"/>
  <testcase name="validateCreateCustomerAPIWithValidSecretkey" classname="com.home.APITestingFramework.testcases.CreateCustomerTest" time="2.108"/>
  <testcase name="validateCreateCustomerAPIWithValidSecretkey" classname="com.home.APITestingFramework.testcases.CreateCustomerTest" time="2.737"/>
  <testcase name="deleteCustomerWithValidCustomerId" classname="com.home.APITestingFramework.testcases.DeleteCustomerTest" time="1.513"/>
  <testcase name="deleteCustomerWithValidCustomerId" classname="com.home.APITestingFramework.testcases.DeleteCustomerTest" time="1.518"/>
  <testcase name="deleteCustomerWithValidCustomerId" classname="com.home.APITestingFramework.testcases.DeleteCustomerTest" time="1.76"/>
</testsuite>